[17:30:46] [INIT] KubeJS 2001.6.5-build.16; MC 2001 forge
[17:30:46] [INIT] Loaded plugins:
[17:30:46] [INIT] - dev.latvian.mods.kubejs.forge.BuiltinKubeJSForgePlugin
[17:30:46] [INIT] - io.github.mortuusars.exposure.integration.kubejs.ExposureJSPlugin
[17:30:46] [INIT] - net.mehvahdjukaar.sawmill.integration.KubeJsPlugin
[17:30:46] [INIT] - dev.ftb.mods.ftbxmodcompat.ftbquests.kubejs.KubeJSIntegration
[17:30:46] [INIT] - dev.ftb.mods.ftbxmodcompat.ftbchunks.kubejs.FTBChunksKubeJSPlugin
[17:30:46] [INIT] - dev.ftb.mods.ftbxmodcompat.ftbteams.kubejs.FTBTeamsKubeJSPlugin
[17:30:46] [INIT] - com.sunekaer.sdrp.integration.kubejs.SDRPKubeJSIntegration
[17:30:46] [INIT] - top.theillusivec4.champions.common.integration.kubejs.ChampionsKubeJSPlugin
[17:30:46] [INIT] - org.mesdag.geckojs.GeckoJSPlugin
[17:30:46] [INIT] - net.liopyu.entityjs.EntityJSPlugin
[17:30:46] [INIT] - com.prunoideae.powerfuljs.forge.PowerfulJSPluginForge
[17:30:46] [INIT] - com.almostreliable.morejs.Plugin
[17:30:46] [INIT] - pie.ilikepiefoo.AdditionsPlugin
[17:30:46] [INIT] - pie.ilikepiefoo.compat.jei.JEIKubeJSPlugin
[17:30:46] [INIT] - com.oierbravo.createmechanicalextruder.compat.kubejs.KubeJSCreateMechanicalExtruderPlugin
[17:30:46] [INIT] - com.almostreliable.lootjs.kube.LootJSPlugin
[17:30:46] [INIT] - com.almostreliable.ponderjs.KubePlugin
[17:30:46] [INFO] Loaded script server_scripts:npcs/npcGift.js in 0.0 s
[17:30:46] [INFO] Loaded script server_scripts:datagen/generateBounties.js in 0.001 s
[17:30:46] [INFO] Loaded script server_scripts:datagen/generateLang.js in 0.001 s
[17:30:46] [INFO] Loaded script server_scripts:datagen/generateWallpapers.js in 0.0 s
[17:30:46] [INFO] Loaded script server_scripts:datagen/generateRibbitHut.js in 0.001 s
[17:30:46] [INFO] handleDebt.js#1: [SOCIETY] handleDebt.js loaded
[17:30:46] [INFO] Loaded script server_scripts:handleDebt.js in 0.001 s
[17:30:46] [INFO] removeFishingMinigame.js#1: [SOCIETY] removeFishingMinigame.js loaded
[17:30:46] [INFO] Loaded script server_scripts:removeFishingMinigame.js in 0.0 s
[17:30:46] [INFO] playerEvents/addCommandAttributesOnLogin.js#1: [SOCIETY] addCommandAttributesOnLogin.js loaded
[17:30:46] [INFO] Loaded script server_scripts:playerEvents/addCommandAttributesOnLogin.js in 0.001 s
[17:30:46] [INFO] playerEvents/customGUI.js#1: [SOCIETY] coinUi.js loaded
[17:30:46] [INFO] Loaded script server_scripts:playerEvents/customGUI.js in 0.001 s
[17:30:46] [INFO] playerEvents/registerCoinLeaderboardPlayers.js#1: [SOCIETY] registerCoinLeaderboardPlayers.js loaded
[17:30:46] [INFO] Loaded script server_scripts:playerEvents/registerCoinLeaderboardPlayers.js in 0.001 s
[17:30:46] [INFO] playerEvents/chatColors.js#1: Loaded Java class 'net.minecraft.network.chat.TextColor'
[17:30:46] [INFO] Loaded script server_scripts:playerEvents/chatColors.js in 0.002 s
[17:30:46] [INFO] playerEvents/checkSkullCavernLogin.js#1: [SOCIETY] checkSkullCavernLogin.js loaded
[17:30:46] [INFO] Loaded script server_scripts:playerEvents/checkSkullCavernLogin.js in 0.001 s
[17:30:46] [INFO] playerEvents/clearEntities.js#1: [SOCIETY] clearEntities.js loaded
[17:30:46] [INFO] Loaded script server_scripts:playerEvents/clearEntities.js in 0.0 s
[17:30:46] [INFO] Loaded script server_scripts:playerEvents/milkBan.js in 0.001 s
[17:30:46] [INFO] playerEvents/skullCavernTick.js#1: [SOCIETY] skullCavernTick.js loaded
[17:30:46] [INFO] Loaded script server_scripts:playerEvents/skullCavernTick.js in 0.001 s
[17:30:46] [INFO] playerEvents/addQuestbook.js#1: [SOCIETY] addQuestbook.js loaded
[17:30:46] [INFO] Loaded script server_scripts:playerEvents/addQuestbook.js in 0.001 s
[17:30:46] [INFO] addCommandAttributesOnRespawn.js#1: [SOCIETY] addCommandAttributesOnRespawn.js loaded
[17:30:46] [INFO] Loaded script server_scripts:addCommandAttributesOnRespawn.js in 0.0 s
[17:30:46] [INFO] entities/animalName.js#1: [SOCIETY] animalName.js loaded
[17:30:46] [INFO] Loaded script server_scripts:entities/animalName.js in 0.001 s
[17:30:46] [INFO] Loaded script server_scripts:entities/handleHeretic.js in 0.001 s
[17:30:46] [INFO] Loaded script server_scripts:entities/handleSacrifice.js in 0.001 s
[17:30:46] [INFO] entities/carKey.js#1: [SOCIETY] carKey.js loaded
[17:30:46] [INFO] Loaded script server_scripts:entities/carKey.js in 0.001 s
[17:30:46] [INFO] Loaded script server_scripts:entities/globalAnimalVariables.js in 0.001 s
[17:30:46] [INFO] Loaded script server_scripts:entities/skeletonHorseNuke.js in 0.0 s
[17:30:46] [INFO] entities/spawnBoomcat.js#1: [SOCIETY] spawnBoomcat.js loaded
[17:30:46] [INFO] Loaded script server_scripts:entities/spawnBoomcat.js in 0.001 s
[17:30:46] [INFO] entities/disableEggs.js#1: [SOCIETY] disableEggs.js loaded
[17:30:46] [INFO] Loaded script server_scripts:entities/disableEggs.js in 0.0 s
[17:30:46] [INFO] entities/animalTweaks.js#1: [SOCIETY] animalTweaks.js loaded
[17:30:46] [INFO] Loaded script server_scripts:entities/animalTweaks.js in 0.001 s
[17:30:46] [INFO] entities/refreshVillagers.js#1: [SOCIETY] refreshVillagers.js loaded
[17:30:46] [INFO] Loaded script server_scripts:entities/refreshVillagers.js in 0.004 s
[17:30:46] [INFO] entities/animalBase.js#1: [SOCIETY] animalBase.js loaded
[17:30:46] [INFO] Loaded script server_scripts:entities/animalBase.js in 0.004 s
[17:30:46] [INFO] entities/hamsterBite.js#1: [SOCIETY] hamsterBite.js loaded
[17:30:46] [INFO] Loaded script server_scripts:entities/hamsterBite.js in 0.001 s
[17:30:46] [INFO] entities/slimeTicket.js#1: [SOCIETY] slimeTicket.js loaded
[17:30:46] [INFO] Loaded script server_scripts:entities/slimeTicket.js in 0.001 s
[17:30:46] [INFO] entities/steadfastSkill.js#1: [SOCIETY] steadFastSkill.js loaded
[17:30:46] [INFO] Loaded script server_scripts:entities/steadfastSkill.js in 0.001 s
[17:30:46] [INFO] Loaded script server_scripts:entities/mooshroomDamage.js in 0.0 s
[17:30:46] [INFO] entities/animalPet.js#1: [SOCIETY] animalPet.js loaded
[17:30:46] [INFO] Loaded script server_scripts:entities/animalPet.js in 0.001 s
[17:30:46] [INFO] entities/animalSpecial.js#1: [SOCIETY] animalSpecial.js loaded
[17:30:46] [INFO] Loaded script server_scripts:entities/animalSpecial.js in 0.0 s
[17:30:46] [INFO] entities/checkAnimal.js#1: [SOCIETY] checkAnimal.js loaded
[17:30:46] [INFO] Loaded script server_scripts:entities/checkAnimal.js in 0.001 s
[17:30:46] [INFO] entities/animalBreeding.js#1: [SOCIETY] animalBreeding.js loaded
[17:30:46] [INFO] Loaded script server_scripts:entities/animalBreeding.js in 0.0 s
[17:30:46] [INFO] blockEvents/checkAttributes.js#1: [SOCIETY] checkAttributes.js loaded
[17:30:46] [INFO] Loaded script server_scripts:blockEvents/checkAttributes.js in 0.001 s
[17:30:46] [INFO] blockEvents/skullTeleporter.js#1: [SOCIETY] skullTeleporter.js loaded
[17:30:46] [INFO] Loaded script server_scripts:blockEvents/skullTeleporter.js in 0.001 s
[17:30:46] [INFO] blockEvents/cancelTrophy.js#1: [SOCIETY] cancelTrophy.js loaded
[17:30:46] [INFO] Loaded script server_scripts:blockEvents/cancelTrophy.js in 0.0 s
[17:30:46] [INFO] blockEvents/customBlockEntityBroken.js#1: [SOCIETY] customBlockEntityBroken.js loaded
[17:30:46] [INFO] Loaded script server_scripts:blockEvents/customBlockEntityBroken.js in 0.001 s
[17:30:46] [INFO] blockEvents/addExtractinatingRecipes.js#1: [SOCIETY] addExtractinatingRecipes.js loaded
[17:30:46] [INFO] Loaded script server_scripts:blockEvents/addExtractinatingRecipes.js in 0.0 s
[17:30:46] [INFO] Loaded script server_scripts:blockEvents/harvestExperience.js in 0.0 s
[17:30:46] [INFO] blockEvents/fertilizerDigging.js#1: [SOCIETY] neptuniumHoe.js loaded
[17:30:46] [INFO] Loaded script server_scripts:blockEvents/fertilizerDigging.js in 0.001 s
[17:30:46] [INFO] blockEvents/disableSpawner.js#1: [SOCIETY] disableSpawner.js loaded
[17:30:46] [INFO] Loaded script server_scripts:blockEvents/disableSpawner.js in 0.0 s
[17:30:46] [INFO] Loaded script server_scripts:blockEvents/plushieMechanics.js in 0.002 s
[17:30:46] [INFO] Loaded script server_scripts:blockEvents/carpet.js in 0.0 s
[17:30:46] [INFO] blockEvents/pickupDrink.js#1: [SOCIETY] pickupDrink.js loaded
[17:30:46] [INFO] Loaded script server_scripts:blockEvents/pickupDrink.js in 0.0 s
[17:30:46] [INFO] blockEvents/magnifyingGlass.js#1: [SOCIETY] neptuniumHoe.js loaded
[17:30:46] [INFO] Loaded script server_scripts:blockEvents/magnifyingGlass.js in 0.001 s
[17:30:46] [INFO] blockEvents/updateBountyBoard.js#1: [SOCIETY] updateBountyBoard.js loaded
[17:30:46] [INFO] Loaded script server_scripts:blockEvents/updateBountyBoard.js in 0.0 s
[17:30:46] [INFO] blockEvents/checkArtisanMachines.js#1: [SOCIETY] checkArtisanMachines.js loaded
[17:30:46] [INFO] Loaded script server_scripts:blockEvents/checkArtisanMachines.js in 0.004 s
[17:30:46] [INFO] blockEvents/disableHoeRichSoil.js#1: [SOCIETY] disableHoeRichSoil.js loaded
[17:30:46] [INFO] Loaded script server_scripts:blockEvents/disableHoeRichSoil.js in 0.001 s
[17:30:46] [INFO] blockEvents/frozenGeode.js#1: [SOCIETY] frozenGeode.js loaded
[17:30:46] [INFO] Loaded script server_scripts:blockEvents/frozenGeode.js in 0.0 s
[17:30:46] [INFO] Loaded script server_scripts:blockEvents/disableBonemeal.js in 0.0 s
[17:30:46] [INFO] blockEvents/disableSaltSnowball.js#1: [SOCIETY] disableSaltSnowball.js loaded
[17:30:46] [INFO] Loaded script server_scripts:blockEvents/disableSaltSnowball.js in 0.001 s
[17:30:46] [INFO] blockEvents/upgradeSparkstoneMachines.js#1: [SOCIETY] upgradeSparkstoneMachines.js loaded
[17:30:46] [INFO] Loaded script server_scripts:blockEvents/upgradeSparkstoneMachines.js in 0.001 s
[17:30:46] [INFO] blockEvents/disableQuarkMysticalFlowers.js#1: [SOCIETY] disableQuarkMysticalFlowers.js loaded
[17:30:46] [INFO] Loaded script server_scripts:blockEvents/disableQuarkMysticalFlowers.js in 0.0 s
[17:30:46] [INFO] blockEvents/seedWrongSeasonMessage.js#1: [SOCIETY] seedWrongSeasonMessage.js loaded
[17:30:46] [INFO] Loaded script server_scripts:blockEvents/seedWrongSeasonMessage.js in 0.001 s
[17:30:46] [INFO] blockEvents/checkFishPond.js#1: [SOCIETY] checkFishPond.js loaded
[17:30:46] [INFO] Loaded script server_scripts:blockEvents/checkFishPond.js in 0.002 s
[17:30:46] [INFO] blockEvents/skullCavernBroken.js#1: [SOCIETY] skullCavernBroken.js loaded
[17:30:46] [INFO] Loaded script server_scripts:blockEvents/skullCavernBroken.js in 0.002 s
[17:30:46] [INFO] blockEvents/brainDamageBroken.js#1: [SOCIETY] brainDamageBroken.js loaded
[17:30:46] [INFO] Loaded script server_scripts:blockEvents/brainDamageBroken.js in 0.0 s
[17:30:46] [INFO] blockEvents/openShippingBin.js#1: [SOCIETY] openShippingBin.js loaded
[17:30:46] [INFO] Loaded script server_scripts:blockEvents/openShippingBin.js in 0.001 s
[17:30:46] [INFO] blockEvents/addBonemeal.js#1: [SOCIETY] addBonemeal.js loaded
[17:30:46] [INFO] Loaded script server_scripts:blockEvents/addBonemeal.js in 0.0 s
[17:30:46] [INFO] blockEvents/plantGarlicSeed.js#1: [SOCIETY] neptuniumHoe.js loaded
[17:30:46] [INFO] Loaded script server_scripts:blockEvents/plantGarlicSeed.js in 0.0 s
[17:30:46] [INFO] blockEvents/slimeContainProtect.js#1: [SOCIETY] slimeContainProtect.js loaded
[17:30:46] [INFO] Loaded script server_scripts:blockEvents/slimeContainProtect.js in 0.001 s
[17:30:46] [INFO] blockEvents/multiBlockHandlers.js#1: [SOCIETY] multiBlockHandlers.js loaded
[17:30:46] [INFO] Loaded script server_scripts:blockEvents/multiBlockHandlers.js in 0.001 s
[17:30:46] [INFO] blockEvents/catalogPurchase.js#1: [SOCIETY] catalogPurchase.js loaded
[17:30:46] [INFO] Loaded script server_scripts:blockEvents/catalogPurchase.js in 0.0 s
[17:30:46] [INFO] Loaded script server_scripts:blockEvents/disableReseedable.js in 0.0 s
[17:30:46] [INFO] blockEvents/berryBushBroken.js#1: [SOCIETY] berryBushBroken.js loaded
[17:30:46] [INFO] Loaded script server_scripts:blockEvents/berryBushBroken.js in 0.0 s
[17:30:46] [INFO] blockEvents/disableDispenser.js#1: [SOCIETY] disableDispenser.js loaded
[17:30:46] [INFO] blockEvents/disableDispenser.js#3: Loaded Java class 'net.minecraft.world.level.block.DispenserBlock'
[17:30:46] [INFO] Loaded script server_scripts:blockEvents/disableDispenser.js in 0.008 s
[17:30:46] [INFO] blockEvents/skullCavernPlace.js#1: [SOCIETY] skullCavernPlace.js loaded
[17:30:46] [INFO] Loaded script server_scripts:blockEvents/skullCavernPlace.js in 0.0 s
[17:30:46] [INFO] blockEvents/letsDoBroken.js#1: [SOCIETY] letsDoBroken.js loaded
[17:30:46] [INFO] Loaded script server_scripts:blockEvents/letsDoBroken.js in 0.001 s
[17:30:46] [INFO] blockEvents/grapevinePot.js#1: [SOCIETY] grapevinePot.js loaded
[17:30:46] [INFO] Loaded script server_scripts:blockEvents/grapevinePot.js in 0.001 s
[17:30:46] [INFO] blockEvents/enrichedBonemeal.js#1: [SOCIETY] enrichedBonemeal.js loaded
[17:30:46] [INFO] Loaded script server_scripts:blockEvents/enrichedBonemeal.js in 0.002 s
[17:30:46] [INFO] blockEvents/seedMessage.js#1: [SOCIETY] seedMessage.js loaded
[17:30:46] [INFO] Loaded script server_scripts:blockEvents/seedMessage.js in 0.001 s
[17:30:46] [INFO] blockEvents/pamsTreeLoot.js#1: [SOCIETY] pamsTreeLoot.js loaded
[17:30:46] [INFO] Loaded script server_scripts:blockEvents/pamsTreeLoot.js in 0.001 s
[17:30:46] [INFO] blockEvents/checkTapper.js#1: [SOCIETY] checkTapper.js loaded
[17:30:46] [INFO] Loaded script server_scripts:blockEvents/checkTapper.js in 0.0 s
[17:30:46] [INFO] blockEvents/preventChestVoid.js#1: [SOCIETY] preventChestVoid.js loaded
[17:30:46] [INFO] Loaded script server_scripts:blockEvents/preventChestVoid.js in 0.001 s
[17:30:46] [INFO] blockEvents/bankerBroken.js#1: [SOCIETY] bankerBroken.js loaded
[17:30:46] [INFO] Loaded script server_scripts:blockEvents/bankerBroken.js in 0.001 s
[17:30:46] [INFO] blockEvents/neptuniumHoe.js#1: [SOCIETY] neptuniumHoe.js loaded
[17:30:46] [INFO] Loaded script server_scripts:blockEvents/neptuniumHoe.js in 0.0 s
[17:30:46] [INFO] blockEvents/havestHandling.js#1: [SOCIETY] harvestHandling.js loaded
[17:30:46] [INFO] Loaded script server_scripts:blockEvents/havestHandling.js in 0.001 s
[17:30:46] [INFO] blockEvents/hoeAoe.js#1: [SOCIETY] hoeAoe.js loaded
[17:30:46] [INFO] Loaded script server_scripts:blockEvents/hoeAoe.js in 0.001 s
[17:30:46] [INFO] blockEvents/placeNbtMachine.js#1: [SOCIETY] placeNbtMachine.js loaded
[17:30:46] [INFO] Loaded script server_scripts:blockEvents/placeNbtMachine.js in 0.001 s
[17:30:46] [INFO] blockEvents/ribbitHutMechanics.js#1: [SOCIETY] placeNbtMachine.js loaded
[17:30:46] [INFO] Loaded script server_scripts:blockEvents/ribbitHutMechanics.js in 0.001 s
[17:30:46] [INFO] blockEvents/treechopSkill.js#1: [SOCIETY] treechopSkill.js loaded
[17:30:46] [INFO] Loaded script server_scripts:blockEvents/treechopSkill.js in 0.001 s
[17:30:46] [INFO] blockEvents/compactingDrawerExploit.js#1: [SOCIETY] compactingDrawerExploit.js loaded
[17:30:46] [INFO] Loaded script server_scripts:blockEvents/compactingDrawerExploit.js in 0.0 s
[17:30:46] [INFO] blockEvents/slotMachine.js#1: [SOCIETY] slotMachine.js loaded
[17:30:46] [INFO] Loaded script server_scripts:blockEvents/slotMachine.js in 0.0 s
[17:30:46] [INFO] tags/handleSeasonTags.js#1: [SOCIETY] handleSeasonTags.js loaded
[17:30:46] [INFO] Loaded script server_scripts:tags/handleSeasonTags.js in 0.001 s
[17:30:46] [INFO] tags/handleWorldgenTags.js#2: [SOCIETY] handleWorldgenTags.js loaded
[17:30:46] [INFO] Loaded script server_scripts:tags/handleWorldgenTags.js in 0.0 s
[17:30:46] [INFO] tags/handleEntityTags.js#2: [SOCIETY] handleEntityTags.js loaded
[17:30:46] [INFO] Loaded script server_scripts:tags/handleEntityTags.js in 0.001 s
[17:30:46] [INFO] tags/handlePathBlockTags.js#1: [SOCIETY] handlePathBlockTags.js loaded
[17:30:46] [INFO] Loaded script server_scripts:tags/handlePathBlockTags.js in 0.001 s
[17:30:46] [INFO] tags/handleBinBans.js#1: [SOCIETY] handleBinBans.js loaded
[17:30:46] [INFO] Loaded script server_scripts:tags/handleBinBans.js in 0.001 s
[17:30:46] [INFO] tags/handleItemBlockFluidTags.js#2: [SOCIETY] handleItemBlockFluidTags.js loaded
[17:30:46] [INFO] Loaded script server_scripts:tags/handleItemBlockFluidTags.js in 0.002 s
[17:30:46] [INFO] itemEvents/skillBooks.js#1: [SOCIETY] skillBooks.js loaded
[17:30:46] [INFO] Loaded script server_scripts:itemEvents/skillBooks.js in 0.001 s
[17:30:46] [INFO] itemEvents/pigRacing.js#1: [SOCIETY] pigRacing.js loaded
[17:30:46] [INFO] Loaded script server_scripts:itemEvents/pigRacing.js in 0.004 s
[17:30:46] [INFO] itemEvents/cornucopia.js#1: [SOCIETY] cornucopia.js loaded
[17:30:46] [INFO] Loaded script server_scripts:itemEvents/cornucopia.js in 0.0 s
[17:30:46] [INFO] itemEvents/regretCrystals.js#1: [SOCIETY] regretCrystals.js loaded
[17:30:46] [INFO] Loaded script server_scripts:itemEvents/regretCrystals.js in 0.0 s
[17:30:46] [INFO] itemEvents/plushieCapsule.js#1: [SOCIETY] plushieCapsule.js loaded
[17:30:46] [INFO] Loaded script server_scripts:itemEvents/plushieCapsule.js in 0.0 s
[17:30:46] [INFO] itemEvents/validateFishPondQuests.js#1: [SOCIETY] validateFishPondQuests.js loaded
[17:30:46] [INFO] Loaded script server_scripts:itemEvents/validateFishPondQuests.js in 0.001 s
[17:30:46] [INFO] itemEvents/geodeCracking.js#1: [SOCIETY] geodeCracking.js loaded
[17:30:46] [INFO] Loaded script server_scripts:itemEvents/geodeCracking.js in 0.001 s
[17:30:46] [INFO] itemEvents/smokeTubasmokeStick.js#1: [SOCIETY] smokeTubasmokeStick.js loaded
[17:30:46] [INFO] Loaded script server_scripts:itemEvents/smokeTubasmokeStick.js in 0.001 s
[17:30:46] [INFO] itemEvents/experienceBooks.js#1: [SOCIETY] experienceBooks.js loaded
[17:30:46] [INFO] Loaded script server_scripts:itemEvents/experienceBooks.js in 0.0 s
[17:30:46] [INFO] itemEvents/lootOpening.js#1: [SOCIETY] lootOpening.js loaded
[17:30:46] [INFO] Loaded script server_scripts:itemEvents/lootOpening.js in 0.001 s
[17:30:46] [INFO] itemEvents/tomsBackwardsCompat.js#1: [SOCIETY] tomsBackwardsCompat.js loaded
[17:30:46] [INFO] Loaded script server_scripts:itemEvents/tomsBackwardsCompat.js in 0.0 s
[17:30:46] [INFO] itemEvents/magicRope.js#1: [SOCIETY] magicRope.js loaded
[17:30:46] [INFO] Loaded script server_scripts:itemEvents/magicRope.js in 0.002 s
[17:30:46] [INFO] itemEvents/pawpawRoad.js#1: [SOCIETY] pawpawRoad.js loaded
[17:30:46] [INFO] Loaded script server_scripts:itemEvents/pawpawRoad.js in 0.0 s
[17:30:46] [INFO] itemEvents/fishRadar.js#1: [SOCIETY] fishRadar.js loaded
[17:30:46] [INFO] Loaded script server_scripts:itemEvents/fishRadar.js in 0.001 s
[17:30:46] [INFO] itemEvents/cancelItemEvents.js#1: [SOCIETY] cancelItemEvents.js loaded
[17:30:46] [INFO] Loaded script server_scripts:itemEvents/cancelItemEvents.js in 0.0 s
[17:30:46] [INFO] itemEvents/dragontoothAxe.js#1: [SOCIETY] dragontoothAxe.js loaded
[17:30:46] [INFO] itemEvents/dragontoothAxe.js#3: Loaded Java class 'net.minecraft.world.phys.Vec3'
[17:30:46] [INFO] Loaded script server_scripts:itemEvents/dragontoothAxe.js in 0.001 s
[17:30:46] [INFO] itemEvents/overflowToken.js#1: [SOCIETY] overflowToken.js loaded
[17:30:46] [INFO] Loaded script server_scripts:itemEvents/overflowToken.js in 0.001 s
[17:30:46] [INFO] itemEvents/eyeOfEnderMessage.js#1: [SOCIETY] eyeOfEnderMessage.js loaded
[17:30:46] [INFO] Loaded script server_scripts:itemEvents/eyeOfEnderMessage.js in 0.0 s
[17:30:46] [INFO] Loaded script server_scripts:pigracingCommand.js in 0.0 s
[17:30:46] [INFO] globalServer.js#1: [SOCIETY] globalServer.js loaded
[17:30:46] [INFO] Loaded script server_scripts:globalServer.js in 0.004 s
[17:30:46] [INFO] recipes/addMillingRecipes.js#1: [SOCIETY] addMillingRecipes.js loaded
[17:30:46] [INFO] Loaded script server_scripts:recipes/addMillingRecipes.js in 0.0 s
[17:30:46] [INFO] recipes/addCrushingRecipes.js#1: [SOCIETY] addCrushingRecipes.js loaded
[17:30:46] [INFO] Loaded script server_scripts:recipes/addCrushingRecipes.js in 0.001 s
[17:30:46] [INFO] recipes/addRefurbishedWorkbenchRecipes.js#1: [SOCIETY] addRefurbishedWorkbenchRecipes.js loaded
[17:30:46] [INFO] Loaded script server_scripts:recipes/addRefurbishedWorkbenchRecipes.js in 0.001 s
[17:30:46] [INFO] recipes/addPressingRecipes.js#1: [SOCIETY] addPressingRecipes.js loaded
[17:30:46] [INFO] Loaded script server_scripts:recipes/addPressingRecipes.js in 0.001 s
[17:30:46] [INFO] recipes/addSpawnEggRecipes.js#1: [SOCIETY] addSpawnEggRecipes.js loaded
[17:30:46] [INFO] Loaded script server_scripts:recipes/addSpawnEggRecipes.js in 0.0 s
[17:30:46] [INFO] recipes/addFishBaits.js#1: [SOCIETY] addFishBaits.js loaded
[17:30:46] [INFO] Loaded script server_scripts:recipes/addFishBaits.js in 0.0 s
[17:30:46] [INFO] recipes/addMixerRecipes.js#1: [SOCIETY] addMixerRecipes.js loaded
[17:30:46] [INFO] Loaded script server_scripts:recipes/addMixerRecipes.js in 0.001 s
[17:30:46] [INFO] recipes/addCupRecipes.js#1: [SOCIETY] addCupRecipes.js loaded
[17:30:46] [INFO] Loaded script server_scripts:recipes/addCupRecipes.js in 0.0 s
[17:30:46] [INFO] Loaded script server_scripts:recipes/addChunkroditeRecipes.js in 0.0 s
[17:30:46] [INFO] recipes/addTomsConvertRecipes.js#1: [SOCIETY] addTomsConvertRecipes.js loaded
[17:30:46] [INFO] Loaded script server_scripts:recipes/addTomsConvertRecipes.js in 0.0 s
[17:30:46] [INFO] recipes/addHammerRecipes.js#1: [SOCIETY] addHammerRecipes.js loaded
[17:30:46] [INFO] Loaded script server_scripts:recipes/addHammerRecipes.js in 0.001 s
[17:30:46] [INFO] recipes/addToolRecipes.js#1: [SOCIETY] addToolRecipes.js loaded
[17:30:46] [INFO] Loaded script server_scripts:recipes/addToolRecipes.js in 0.001 s
[17:30:46] [INFO] recipes/addCompactingRecipes.js#1: [SOCIETY] addCompactingRecipes.js loaded
[17:30:46] [INFO] Loaded script server_scripts:recipes/addCompactingRecipes.js in 0.001 s
[17:30:46] [INFO] recipes/addBottleRecipes.js#1: [SOCIETY] addBottleRecipes.js loaded
[17:30:46] [INFO] Loaded script server_scripts:recipes/addBottleRecipes.js in 0.0 s
[17:30:46] [INFO] recipes/addTrainTrackRecipes.js#1: [SOCIETY] addMailboxRecipes.js loaded
[17:30:46] [INFO] Loaded script server_scripts:recipes/addTrainTrackRecipes.js in 0.0 s
[17:30:46] [INFO] recipes/addMysticalFlowerSeedRecipes.js#1: [SOCIETY] addMysticalFlowerSeedRecipes.js loaded
[17:30:46] [INFO] Loaded script server_scripts:recipes/addMysticalFlowerSeedRecipes.js in 0.001 s
[17:30:46] [INFO] recipes/addKineticsRecipes.js#1: [SOCIETY] addKineticsRecipes.jsloaded
[17:30:46] [INFO] Loaded script server_scripts:recipes/addKineticsRecipes.js in 0.0 s
[17:30:46] [INFO] recipes/addMilkRecipes.js#1: [SOCIETY] addChunkroditeRecipes.js loaded
[17:30:46] [INFO] Loaded script server_scripts:recipes/addMilkRecipes.js in 0.001 s
[17:30:46] [INFO] recipes/addSlimeRecipes.js#1: [SOCIETY] addSlimeRecipes.js loaded
[17:30:46] [INFO] Loaded script server_scripts:recipes/addSlimeRecipes.js in 0.0 s
[17:30:46] [INFO] recipes/addStrippingRecipes.js#1: [SOCIETY] addStrippingRecipes.js loaded
[17:30:46] [INFO] Loaded script server_scripts:recipes/addStrippingRecipes.js in 0.0 s
[17:30:46] [INFO] recipes/addMiscRecipes.js#1: [SOCIETY] addMiscRecipes.js loaded
[17:30:46] [INFO] Loaded script server_scripts:recipes/addMiscRecipes.js in 0.003 s
[17:30:46] [INFO] recipes/addSewingRecipes.js#1: [SOCIETY] addSewingRecipes.js loaded
[17:30:46] [INFO] Loaded script server_scripts:recipes/addSewingRecipes.js in 0.001 s
[17:30:46] [INFO] recipes/addPicklingRecipes.js#1: [SOCIETY] addPicklingRecipes.js loaded
[17:30:46] [INFO] Loaded script server_scripts:recipes/addPicklingRecipes.js in 0.0 s
[17:30:46] [INFO] recipes/addMailboxRecipes.js#1: [SOCIETY] addMailboxRecipes.js loaded
[17:30:46] [INFO] Loaded script server_scripts:recipes/addMailboxRecipes.js in 0.0 s
[17:30:46] [INFO] recipes/addGrapeJuiceRecipes.js#1: [SOCIETY] addGrapeJuiceRecipes.js loaded
[17:30:46] [INFO] Loaded script server_scripts:recipes/addGrapeJuiceRecipes.js in 0.001 s
[17:30:46] [INFO] Loaded script server_scripts:recipes/addShippingTrades.js in 0.0 s
[17:30:46] [INFO] recipes/addMissingSlabRecipes.js#1: [SOCIETY] addPlankRecipes.js loaded
[17:30:46] [INFO] Loaded script server_scripts:recipes/addMissingSlabRecipes.js in 0.001 s
[17:30:46] [INFO] recipes/removeRecipes.js#1: [SOCIETY] removeRecipes.js loaded
[17:30:46] [INFO] Loaded script server_scripts:recipes/removeRecipes.js in 0.001 s
[17:30:46] [INFO] loot/seasonfish.js#1: [SOCIETY] seasonFish.js loaded
[17:30:46] [INFO] Loaded script server_scripts:loot/seasonfish.js in 0.002 s
[17:30:46] [INFO] loot/fishingLoot.js#1: [SOCIETY] fishingLoot.js loaded
[17:30:46] [INFO] Loaded script server_scripts:loot/fishingLoot.js in 0.001 s
[17:30:46] [INFO] loot/farmingLoot.js#1: [SOCIETY] farmingLoot.js loaded
[17:30:46] [INFO] Loaded script server_scripts:loot/farmingLoot.js in 0.001 s
[17:30:46] [INFO] loot/husbandryLoot.js#1: [SOCIETY] husbandryLoot.js loaded
[17:30:46] [INFO] Loaded script server_scripts:loot/husbandryLoot.js in 0.0 s
[17:30:46] [INFO] loot/adventurerLoot.js#1: [SOCIETY] adventurerLoot.js loaded
[17:30:46] [INFO] Loaded script server_scripts:loot/adventurerLoot.js in 0.001 s
[17:30:46] [INFO] loot/miningLoot.js#1: [SOCIETY] miningLoot.js loaded
[17:30:46] [INFO] Loaded script server_scripts:loot/miningLoot.js in 0.002 s
[17:30:46] [INFO] loot/generalLoot.js#1: [SOCIETY] generalLoot.js loaded
[17:30:46] [INFO] Loaded script server_scripts:loot/generalLoot.js in 0.002 s
[17:30:46] [INFO] Loaded 147/147 KubeJS server scripts in 0.153 s with 0 errors and 0 warnings
[17:30:46] [INFO] Scripts loaded
[17:30:46] [INFO] Initializing recipe event...
[17:30:51] [INFO] [minecraft:fluid] Found 38 tags, added 40 objects, removed 0 objects
[17:30:52] [INFO] [minecraft:worldgen/biome] Found 404 tags, added 39 objects, removed 0 objects
[17:30:52] [INFO] [minecraft:entity_type] Found 108 tags, added 89 objects, removed 0 objects
[17:30:52] [INFO] [minecraft:block] Found 858 tags, added 1173 objects, removed 27 objects
[17:30:53] [INFO] [minecraft:item] Found 2040 tags, added 8124 objects, removed 23 objects
[17:30:54] [INFO] Processing recipes...
[17:30:54] [WARN] Failed to parse recipe 'crabbersdelight:lanternfish_from_barrel[minecraft:crafting_shapeless]'! Falling back to vanilla: ItemStack 'result' can't be empty!
[17:30:54] [WARN] Failed to parse recipe 'farmlife:cooked_fuli_from_smoking[minecraft:smoking]'! Falling back to vanilla: ItemStack 'result' can't be empty!
[17:30:54] [WARN] Failed to parse recipe 'veggiesdelight:compat/culturaldelight/avocado_toast[minecraft:crafting_shapeless]'! Falling back to vanilla: ItemStack 'result' can't be empty!
[17:30:54] [WARN] Failed to parse recipe 'crabbersdelight:lanternfish_barrel[minecraft:crafting_shaped]'! Falling back to vanilla: ItemStack 'result' can't be empty!
[17:30:55] [WARN] Failed to parse recipe 'meadow:limestone_bricks_stairs[minecraft:stonecutting]'! Falling back to vanilla: ItemStack 'result' can't be empty!
[17:30:55] [WARN] Failed to parse recipe 'veggiesdelight:compat/culturaldelight/eggplant_burger[minecraft:crafting_shapeless]'! Falling back to vanilla: ItemStack 'result' can't be empty!
[17:30:55] [WARN] Failed to parse recipe 'farmlife:cooked_fuli_from_campfire_cooking[minecraft:campfire_cooking]'! Falling back to vanilla: ItemStack 'result' can't be empty!
[17:30:55] [WARN] Failed to parse recipe 'farmlife:cooked_fuli[minecraft:smelting]'! Falling back to vanilla: ItemStack 'result' can't be empty!
[17:30:55] [INFO] Found 15278 recipes in 319.8 ms
[17:31:07] [INFO] Posted recipe events in 12.07 s
[17:31:07] [WARN] Error parsing recipe veggiesdelight:compat/corndelight/chicken_fajitas_wrap[minecraft:crafting_shapeless]: {"type":"minecraft:crafting_shapeless","category":"misc","ingredients":[{"item":"corn_delight:tortilla"},{"tag":"forge:crops/onion"},{"tag":"forge:cooked_chicken"},{"item":"veggiesdelight:smoked_bellpepper"}],"result":{"item":"veggiesdelight:chicken_fajitas_wrap"}}: Unknown item 'corn_delight:tortilla'
[17:31:07] [WARN] Error parsing recipe veggiesdelight:compat/ubesdelight/garlic_convert[minecraft:crafting_shapeless]: {"type":"minecraft:crafting_shapeless","ingredients":[{"item":"ubesdelight:garlic"}],"result":{"item":"veggiesdelight:garlic"}}: Unknown item 'ubesdelight:garlic'
[17:31:07] [WARN] Error parsing recipe veggiesdelight:compat/culturaldelight/chicken_fajitas_wrap[minecraft:crafting_shapeless]: {"type":"minecraft:crafting_shapeless","category":"misc","ingredients":[{"item":"culturaldelights:tortilla"},{"tag":"forge:crops/onion"},{"tag":"forge:cooked_chicken"},{"item":"veggiesdelight:smoked_bellpepper"}],"result":{"item":"veggiesdelight:chicken_fajitas_wrap"}}: Unknown item 'culturaldelights:tortilla'
[17:31:07] [WARN] Error parsing recipe veggiesdelight:compat/moredelight/garlic_bread[minecraft:crafting_shapeless]: {"type":"minecraft:crafting_shapeless","category":"misc","ingredients":[{"item":"moredelight:toast"},{"item":"veggiesdelight:roasted_garlic_clove"}],"result":{"item":"veggiesdelight:garlic_bread"}}: Unknown item 'moredelight:toast'
[17:31:07] [INFO] Added 2306 recipes, removed 1593 recipes, modified 2 recipes, with 4 failed recipes in 487.0 ms
[17:31:12] [INFO] Server resource reload complete!
